TN:
SF:lib/ScriptManager.js
FN:10,(anonymous_0)
FN:17,(anonymous_1)
FN:36,(anonymous_2)
FN:58,(anonymous_3)
FN:65,(anonymous_4)
FN:78,(anonymous_5)
FN:85,(anonymous_6)
FN:98,(anonymous_7)
FN:122,(anonymous_8)
FN:134,(anonymous_9)
FN:137,(anonymous_10)
FN:146,(anonymous_11)
FN:161,(anonymous_12)
FN:162,(anonymous_13)
FNF:14
FNH:14
FNDA:12,(anonymous_0)
FNDA:9,(anonymous_1)
FNDA:7,(anonymous_2)
FNDA:1,(anonymous_3)
FNDA:1,(anonymous_4)
FNDA:1,(anonymous_5)
FNDA:1,(anonymous_6)
FNDA:6,(anonymous_7)
FNDA:1,(anonymous_8)
FNDA:2,(anonymous_9)
FNDA:4,(anonymous_10)
FNDA:2,(anonymous_11)
FNDA:2,(anonymous_12)
FNDA:2,(anonymous_13)
DA:6,2
DA:7,2
DA:11,12
DA:12,12
DA:13,12
DA:14,12
DA:18,9
DA:19,1
DA:20,1
DA:23,8
DA:25,8
DA:28,8
DA:29,8
DA:30,7
DA:32,1
DA:33,1
DA:36,7
DA:37,7
DA:41,7
DA:49,7
DA:52,7
DA:58,7
DA:59,1
DA:60,1
DA:62,1
DA:65,1
DA:66,1
DA:67,1
DA:71,1
DA:78,7
DA:79,1
DA:80,1
DA:82,1
DA:85,1
DA:86,1
DA:87,1
DA:91,1
DA:98,7
DA:99,6
DA:100,6
DA:102,6
DA:111,6
DA:113,6
DA:114,5
DA:115,5
DA:117,1
DA:118,1
DA:122,7
DA:123,1
DA:124,1
DA:125,1
DA:129,1
DA:135,2
DA:136,2
DA:137,4
DA:138,1
DA:139,1
DA:141,1
DA:142,1
DA:147,2
DA:148,2
DA:149,1
DA:150,1
DA:153,1
DA:154,1
DA:155,1
DA:157,1
DA:158,1
DA:162,2
LF:69
LH:69
BRDA:17,0,0,3
BRDA:17,1,0,3
BRDA:18,2,0,1
BRDA:18,2,1,8
BRDA:60,3,0,0
BRDA:60,3,1,1
BRDA:66,4,0,1
BRDA:66,4,1,0
BRDA:80,5,0,0
BRDA:80,5,1,1
BRDA:86,6,0,1
BRDA:86,6,1,0
BRDA:113,7,0,5
BRDA:113,7,1,1
BRDA:137,8,0,4
BRDA:137,8,1,2
BRDA:148,9,0,1
BRDA:148,9,1,1
BRF:18
BRH:14
end_of_record
TN:
SF:lib/logger.js
FN:27,(anonymous_0)
FN:42,(anonymous_1)
FN:87,createLogger
FN:89,(anonymous_3)
FN:90,(anonymous_4)
FN:91,(anonymous_5)
FN:92,(anonymous_6)
FN:99,setIOInstance
FN:106,(anonymous_8)
FN:115,(anonymous_9)
FN:116,(anonymous_10)
FNF:11
FNH:5
FNDA:0,(anonymous_0)
FNDA:0,(anonymous_1)
FNDA:8,createLogger
FNDA:5,(anonymous_3)
FNDA:10,(anonymous_4)
FNDA:3,(anonymous_5)
FNDA:5,(anonymous_6)
FNDA:0,setIOInstance
FNDA:0,(anonymous_8)
FNDA:0,(anonymous_9)
FNDA:0,(anonymous_10)
DA:7,2
DA:8,2
DA:11,2
DA:12,2
DA:13,0
DA:17,2
DA:25,2
DA:28,0
DA:30,0
DA:31,0
DA:32,0
DA:34,0
DA:40,2
DA:43,0
DA:50,0
DA:55,2
DA:88,8
DA:89,5
DA:90,10
DA:91,3
DA:92,5
DA:97,2
DA:100,0
DA:103,0
DA:107,0
DA:108,0
DA:115,0
DA:116,0
DA:120,0
DA:122,0
LF:30
LH:14
BRDA:12,0,0,0
BRDA:12,0,1,2
BRDA:28,1,0,0
BRDA:28,1,1,0
BRDA:31,2,0,0
BRDA:31,2,1,0
BRDA:56,3,0,2
BRDA:56,3,1,0
BRDA:89,4,0,3
BRDA:90,5,0,4
BRDA:91,6,0,2
BRDA:92,7,0,2
BRDA:107,8,0,0
BRDA:107,8,1,0
BRDA:113,9,0,0
BRDA:113,9,1,0
BRF:16
BRH:6
end_of_record
TN:
SF:routes/index.js
FN:5,setupRoutes
FN:7,(anonymous_1)
FN:20,(anonymous_2)
FN:32,(anonymous_3)
FN:51,(anonymous_4)
FN:65,(anonymous_5)
FN:72,(anonymous_6)
FN:88,(anonymous_7)
FN:94,(anonymous_8)
FNF:9
FNH:6
FNDA:1,setupRoutes
FNDA:2,(anonymous_1)
FNDA:2,(anonymous_2)
FNDA:3,(anonymous_3)
FNDA:2,(anonymous_4)
FNDA:1,(anonymous_5)
FNDA:0,(anonymous_6)
FNDA:0,(anonymous_7)
FNDA:0,(anonymous_8)
DA:3,1
DA:7,1
DA:8,2
DA:15,2
DA:16,2
DA:20,1
DA:21,2
DA:22,2
DA:23,2
DA:24,1
DA:26,1
DA:27,1
DA:32,1
DA:33,3
DA:35,3
DA:36,1
DA:37,1
DA:40,2
DA:41,2
DA:42,2
DA:43,1
DA:45,1
DA:46,1
DA:51,1
DA:52,2
DA:54,2
DA:55,2
DA:56,2
DA:57,1
DA:59,1
DA:60,1
DA:65,1
DA:66,1
DA:67,1
DA:68,1
DA:72,1
DA:73,0
DA:74,0
DA:88,1
DA:89,0
DA:90,0
DA:94,1
DA:95,0
DA:101,0
LF:44
LH:38
BRDA:35,0,0,1
BRDA:35,0,1,2
BRDA:35,1,0,3
BRDA:35,1,1,2
BRF:4
BRH:4
end_of_record
TN:
SF:routes/scripts.js
FN:4,scriptRoutes
FN:9,(anonymous_1)
FN:21,(anonymous_2)
FN:27,(anonymous_3)
FN:42,(anonymous_4)
FN:45,(anonymous_5)
FN:61,(anonymous_6)
FNF:7
FNH:0
FNDA:0,scriptRoutes
FNDA:0,(anonymous_1)
FNDA:0,(anonymous_2)
FNDA:0,(anonymous_3)
FNDA:0,(anonymous_4)
FNDA:0,(anonymous_5)
FNDA:0,(anonymous_6)
DA:5,0
DA:6,0
DA:9,0
DA:10,0
DA:11,0
DA:12,0
DA:13,0
DA:15,0
DA:16,0
DA:21,0
DA:22,0
DA:23,0
DA:27,0
DA:28,0
DA:30,0
DA:32,0
DA:33,0
DA:34,0
DA:37,0
DA:39,0
DA:41,0
DA:49,0
DA:55,0
DA:56,0
DA:61,0
DA:62,0
DA:64,0
DA:66,0
DA:67,0
DA:68,0
DA:70,0
DA:71,0
DA:75,0
LF:33
LH:0
BRDA:32,0,0,0
BRDA:32,0,1,0
BRF:2
BRH:0
end_of_record
TN:
SF:routes/status.js
FN:3,statusRoutes
FN:7,(anonymous_1)
FN:18,(anonymous_2)
FNF:3
FNH:0
FNDA:0,statusRoutes
FNDA:0,(anonymous_1)
FNDA:0,(anonymous_2)
DA:4,0
DA:7,0
DA:8,0
DA:18,0
DA:19,0
DA:21,0
DA:22,0
DA:25,0
DA:26,0
DA:29,0
LF:10
LH:0
BRDA:21,0,0,0
BRDA:21,0,1,0
BRDA:21,1,0,0
BRDA:21,1,1,0
BRF:4
BRH:0
end_of_record
